<?xml version="1.0" encoding="UTF-8"?>
<coverage generated="1764275081534" clover="3.2.0">
  <project timestamp="1764275081534" name="All files">
    <metrics statements="25" coveredstatements="25" conditionals="12" coveredconditionals="10" methods="5" coveredmethods="5" elements="42" coveredelements="40" complexity="0" loc="25" ncloc="25" packages="1" files="1" classes="1"/>
    <file name="ShowDetail.jsx" path="/home/dmarc001/tvLoversApp/src/components/ShowDetail.jsx">
      <metrics statements="25" coveredstatements="25" conditionals="12" coveredconditionals="10" methods="5" coveredmethods="5"/>
      <line num="9" count="1" type="stmt"/>
      <line num="10" count="16" type="stmt"/>
      <line num="11" count="16" type="stmt"/>
      <line num="12" count="16" type="stmt"/>
      <line num="14" count="16" type="stmt"/>
      <line num="15" count="9" type="stmt"/>
      <line num="16" count="9" type="stmt"/>
      <line num="19" count="7" type="stmt"/>
      <line num="20" count="7" type="stmt"/>
      <line num="22" count="1" type="stmt"/>
      <line num="26" count="16" type="stmt"/>
      <line num="27" count="9" type="stmt"/>
      <line num="28" count="9" type="stmt"/>
      <line num="31" count="7" type="stmt"/>
      <line num="32" count="7" type="stmt"/>
      <line num="34" count="1" type="stmt"/>
      <line num="38" count="16" type="stmt"/>
      <line num="39" count="9" type="stmt"/>
      <line num="40" count="9" type="stmt"/>
      <line num="44" count="16" type="cond" truecount="2" falsecount="0"/>
      <line num="46" count="7" type="cond" truecount="1" falsecount="1"/>
      <line num="47" count="7" type="cond" truecount="2" falsecount="0"/>
      <line num="48" count="7" type="stmt"/>
      <line num="51" count="7" type="stmt"/>
      <line num="64" count="2" type="stmt"/>
    </file>
  </project>
</coverage>
