<?xml version="1.0" encoding="UTF-8"?>
<coverage generated="1764593002525" clover="3.2.0">
  <project timestamp="1764593002525" name="All files">
    <metrics statements="34" coveredstatements="34" conditionals="22" coveredconditionals="19" methods="9" coveredmethods="9" elements="65" coveredelements="62" complexity="0" loc="34" ncloc="34" packages="1" files="3" classes="3"/>
    <file name="DisplayProfiles.jsx" path="/home/dmarc001/tvLoversApp/src/components/DisplayProfiles.jsx">
      <metrics statements="7" coveredstatements="7" conditionals="8" coveredconditionals="7" methods="3" coveredmethods="3"/>
      <line num="8" count="2" type="stmt"/>
      <line num="9" count="18" type="stmt"/>
      <line num="13" count="31" type="stmt"/>
      <line num="14" count="31" type="cond" truecount="2" falsecount="0"/>
      <line num="16" count="31" type="stmt"/>
      <line num="18" count="31" type="stmt"/>
      <line num="28" count="51" type="stmt"/>
    </file>
    <file name="Home.jsx" path="/home/dmarc001/tvLoversApp/src/components/Home.jsx">
      <metrics statements="2" coveredstatements="2" conditionals="2" coveredconditionals="2" methods="1" coveredmethods="1"/>
      <line num="9" count="1" type="stmt"/>
      <line num="16" count="7" type="stmt"/>
    </file>
    <file name="ShowDetail.jsx" path="/home/dmarc001/tvLoversApp/src/components/ShowDetail.jsx">
      <metrics statements="25" coveredstatements="25" conditionals="12" coveredconditionals="10" methods="5" coveredmethods="5"/>
      <line num="9" count="2" type="stmt"/>
      <line num="10" count="20" type="stmt"/>
      <line num="11" count="20" type="stmt"/>
      <line num="12" count="20" type="stmt"/>
      <line num="14" count="20" type="stmt"/>
      <line num="15" count="11" type="stmt"/>
      <line num="16" count="11" type="stmt"/>
      <line num="19" count="9" type="stmt"/>
      <line num="20" count="9" type="stmt"/>
      <line num="22" count="1" type="stmt"/>
      <line num="26" count="20" type="stmt"/>
      <line num="27" count="11" type="stmt"/>
      <line num="28" count="11" type="stmt"/>
      <line num="31" count="9" type="stmt"/>
      <line num="32" count="9" type="stmt"/>
      <line num="34" count="1" type="stmt"/>
      <line num="38" count="20" type="stmt"/>
      <line num="39" count="11" type="stmt"/>
      <line num="40" count="11" type="stmt"/>
      <line num="44" count="20" type="cond" truecount="2" falsecount="0"/>
      <line num="46" count="9" type="cond" truecount="1" falsecount="1"/>
      <line num="47" count="9" type="cond" truecount="2" falsecount="0"/>
      <line num="48" count="9" type="stmt"/>
      <line num="51" count="9" type="stmt"/>
      <line num="64" count="2" type="stmt"/>
    </file>
  </project>
</coverage>
