{"/home/dmarc001/tvLoversApp/src/components/DisplayProfiles.jsx": {"path":"/home/dmarc001/tvLoversApp/src/components/DisplayProfiles.jsx","statementMap":{"0":{"start":{"line":8,"column":24},"end":{"line":41,"column":1}},"1":{"start":{"line":9,"column":2},"end":{"line":40,"column":4}},"2":{"start":{"line":13,"column":46},"end":{"line":13,"column":55}},"3":{"start":{"line":14,"column":27},"end":{"line":14,"column":50}},"4":{"start":{"line":16,"column":33},"end":{"line":16,"column":46}},"5":{"start":{"line":18,"column":10},"end":{"line":36,"column":12}},"6":{"start":{"line":28,"column":22},"end":{"line":31,"column":30}}},"fnMap":{"0":{"name":"(anonymous_0)","decl":{"start":{"line":8,"column":24},"end":{"line":8,"column":25}},"loc":{"start":{"line":8,"column":39},"end":{"line":41,"column":1}},"line":8},"1":{"name":"(anonymous_1)","decl":{"start":{"line":12,"column":19},"end":{"line":12,"column":20}},"loc":{"start":{"line":12,"column":29},"end":{"line":37,"column":9}},"line":12},"2":{"name":"(anonymous_2)","decl":{"start":{"line":27,"column":31},"end":{"line":27,"column":32}},"loc":{"start":{"line":28,"column":22},"end":{"line":31,"column":30}},"line":28}},"branchMap":{"0":{"loc":{"start":{"line":14,"column":27},"end":{"line":14,"column":50}},"type":"binary-expr","locations":[{"start":{"line":14,"column":27},"end":{"line":14,"column":40}},{"start":{"line":14,"column":44},"end":{"line":14,"column":50}}],"line":14},"1":{"loc":{"start":{"line":22,"column":23},"end":{"line":22,"column":65}},"type":"cond-expr","locations":[{"start":{"line":22,"column":45},"end":{"line":22,"column":53}},{"start":{"line":22,"column":56},"end":{"line":22,"column":65}}],"line":22},"2":{"loc":{"start":{"line":26,"column":17},"end":{"line":33,"column":22}},"type":"cond-expr","locations":[{"start":{"line":27,"column":20},"end":{"line":32,"column":22}},{"start":{"line":33,"column":20},"end":{"line":33,"column":22}}],"line":26},"3":{"loc":{"start":{"line":30,"column":25},"end":{"line":30,"column":62}},"type":"cond-expr","locations":[{"start":{"line":30,"column":53},"end":{"line":30,"column":57}},{"start":{"line":30,"column":60},"end":{"line":30,"column":62}}],"line":30}},"s":{"0":2,"1":18,"2":31,"3":31,"4":31,"5":31,"6":51},"f":{"0":18,"1":31,"2":51},"b":{"0":[31,11],"1":[20,11],"2":[31,0],"3":[20,31]},"_coverageSchema":"1a1c01bbd47fc00a2c39e90264f33305004495a9","hash":"03809e4e520349e5aee0d6d644755832328f0d69"}
,"/home/dmarc001/tvLoversApp/src/components/Home.jsx": {"path":"/home/dmarc001/tvLoversApp/src/components/Home.jsx","statementMap":{"0":{"start":{"line":9,"column":13},"end":{"line":57,"column":1}},"1":{"start":{"line":16,"column":2},"end":{"line":56,"column":4}}},"fnMap":{"0":{"name":"(anonymous_0)","decl":{"start":{"line":9,"column":13},"end":{"line":9,"column":14}},"loc":{"start":{"line":15,"column":6},"end":{"line":57,"column":1}},"line":15}},"branchMap":{"0":{"loc":{"start":{"line":39,"column":7},"end":{"line":50,"column":7}},"type":"cond-expr","locations":[{"start":{"line":40,"column":8},"end":{"line":43,"column":14}},{"start":{"line":45,"column":8},"end":{"line":49,"column":14}}],"line":39}},"s":{"0":1,"1":7},"f":{"0":7},"b":{"0":[6,1]},"_coverageSchema":"1a1c01bbd47fc00a2c39e90264f33305004495a9","hash":"ba908c63fbeb2bbbd23dc6e2de80b5c62c44458f"}
,"/home/dmarc001/tvLoversApp/src/components/ShowDetail.jsx": {"path":"/home/dmarc001/tvLoversApp/src/components/ShowDetail.jsx","statementMap":{"0":{"start":{"line":9,"column":19},"end":{"line":73,"column":1}},"1":{"start":{"line":10,"column":17},"end":{"line":10,"column":28}},"2":{"start":{"line":11,"column":40},"end":{"line":11,"column":54}},"3":{"start":{"line":12,"column":40},"end":{"line":12,"column":52}},"4":{"start":{"line":14,"column":20},"end":{"line":24,"column":3}},"5":{"start":{"line":15,"column":4},"end":{"line":23,"column":5}},"6":{"start":{"line":16,"column":23},"end":{"line":18,"column":7}},"7":{"start":{"line":19,"column":6},"end":{"line":19,"column":35}},"8":{"start":{"line":20,"column":6},"end":{"line":20,"column":33}},"9":{"start":{"line":22,"column":6},"end":{"line":22,"column":44}},"10":{"start":{"line":26,"column":20},"end":{"line":36,"column":3}},"11":{"start":{"line":27,"column":4},"end":{"line":35,"column":5}},"12":{"start":{"line":28,"column":23},"end":{"line":30,"column":7}},"13":{"start":{"line":31,"column":6},"end":{"line":31,"column":35}},"14":{"start":{"line":32,"column":6},"end":{"line":32,"column":33}},"15":{"start":{"line":34,"column":6},"end":{"line":34,"column":44}},"16":{"start":{"line":38,"column":2},"end":{"line":41,"column":10}},"17":{"start":{"line":39,"column":4},"end":{"line":39,"column":15}},"18":{"start":{"line":40,"column":4},"end":{"line":40,"column":15}},"19":{"start":{"line":44,"column":2},"end":{"line":44,"column":43}},"20":{"start":{"line":44,"column":20},"end":{"line":44,"column":43}},"21":{"start":{"line":46,"column":62},"end":{"line":46,"column":79}},"22":{"start":{"line":47,"column":19},"end":{"line":47,"column":44}},"23":{"start":{"line":48,"column":25},"end":{"line":48,"column":38}},"24":{"start":{"line":51,"column":2},"end":{"line":72,"column":4}},"25":{"start":{"line":64,"column":49},"end":{"line":64,"column":71}}},"fnMap":{"0":{"name":"(anonymous_0)","decl":{"start":{"line":9,"column":19},"end":{"line":9,"column":20}},"loc":{"start":{"line":9,"column":25},"end":{"line":73,"column":1}},"line":9},"1":{"name":"(anonymous_1)","decl":{"start":{"line":14,"column":20},"end":{"line":14,"column":21}},"loc":{"start":{"line":14,"column":32},"end":{"line":24,"column":3}},"line":14},"2":{"name":"(anonymous_2)","decl":{"start":{"line":26,"column":20},"end":{"line":26,"column":21}},"loc":{"start":{"line":26,"column":32},"end":{"line":36,"column":3}},"line":26},"3":{"name":"(anonymous_3)","decl":{"start":{"line":38,"column":12},"end":{"line":38,"column":13}},"loc":{"start":{"line":38,"column":18},"end":{"line":41,"column":3}},"line":38},"4":{"name":"(anonymous_4)","decl":{"start":{"line":64,"column":35},"end":{"line":64,"column":36}},"loc":{"start":{"line":64,"column":49},"end":{"line":64,"column":71}},"line":64}},"branchMap":{"0":{"loc":{"start":{"line":44,"column":2},"end":{"line":44,"column":43}},"type":"if","locations":[{"start":{"line":44,"column":2},"end":{"line":44,"column":43}},{"start":{},"end":{}}],"line":44},"1":{"loc":{"start":{"line":46,"column":62},"end":{"line":46,"column":79}},"type":"binary-expr","locations":[{"start":{"line":46,"column":62},"end":{"line":46,"column":73}},{"start":{"line":46,"column":77},"end":{"line":46,"column":79}}],"line":46},"2":{"loc":{"start":{"line":47,"column":19},"end":{"line":47,"column":44}},"type":"binary-expr","locations":[{"start":{"line":47,"column":19},"end":{"line":47,"column":34}},{"start":{"line":47,"column":38},"end":{"line":47,"column":44}}],"line":47},"3":{"loc":{"start":{"line":54,"column":18},"end":{"line":54,"column":63}},"type":"cond-expr","locations":[{"start":{"line":54,"column":40},"end":{"line":54,"column":48}},{"start":{"line":54,"column":51},"end":{"line":54,"column":63}}],"line":54},"4":{"loc":{"start":{"line":57,"column":9},"end":{"line":60,"column":22}},"type":"cond-expr","locations":[{"start":{"line":58,"column":20},"end":{"line":58,"column":54}},{"start":{"line":60,"column":20},"end":{"line":60,"column":22}}],"line":57},"5":{"loc":{"start":{"line":62,"column":42},"end":{"line":62,"column":88}},"type":"cond-expr","locations":[{"start":{"line":62,"column":52},"end":{"line":62,"column":83}},{"start":{"line":62,"column":86},"end":{"line":62,"column":88}}],"line":62}},"s":{"0":2,"1":20,"2":20,"3":20,"4":20,"5":11,"6":11,"7":9,"8":9,"9":1,"10":20,"11":11,"12":11,"13":9,"14":9,"15":1,"16":20,"17":11,"18":11,"19":20,"20":11,"21":9,"22":9,"23":9,"24":9,"25":2},"f":{"0":20,"1":11,"2":11,"3":11,"4":2},"b":{"0":[11,9],"1":[9,0],"2":[9,8],"3":[1,8],"4":[8,1],"5":[9,0]},"_coverageSchema":"1a1c01bbd47fc00a2c39e90264f33305004495a9","hash":"5668dae88574547aa9f1e32436120010e085dd56"}
}
