{"/home/dmarc001/tvLoversApp/src/components/ShowDetail.jsx": {"path":"/home/dmarc001/tvLoversApp/src/components/ShowDetail.jsx","statementMap":{"0":{"start":{"line":9,"column":19},"end":{"line":73,"column":1}},"1":{"start":{"line":10,"column":17},"end":{"line":10,"column":28}},"2":{"start":{"line":11,"column":40},"end":{"line":11,"column":54}},"3":{"start":{"line":12,"column":40},"end":{"line":12,"column":52}},"4":{"start":{"line":14,"column":20},"end":{"line":24,"column":3}},"5":{"start":{"line":15,"column":4},"end":{"line":23,"column":5}},"6":{"start":{"line":16,"column":23},"end":{"line":18,"column":7}},"7":{"start":{"line":19,"column":6},"end":{"line":19,"column":35}},"8":{"start":{"line":20,"column":6},"end":{"line":20,"column":33}},"9":{"start":{"line":22,"column":6},"end":{"line":22,"column":44}},"10":{"start":{"line":26,"column":20},"end":{"line":36,"column":3}},"11":{"start":{"line":27,"column":4},"end":{"line":35,"column":5}},"12":{"start":{"line":28,"column":23},"end":{"line":30,"column":7}},"13":{"start":{"line":31,"column":6},"end":{"line":31,"column":35}},"14":{"start":{"line":32,"column":6},"end":{"line":32,"column":33}},"15":{"start":{"line":34,"column":6},"end":{"line":34,"column":44}},"16":{"start":{"line":38,"column":2},"end":{"line":41,"column":10}},"17":{"start":{"line":39,"column":4},"end":{"line":39,"column":15}},"18":{"start":{"line":40,"column":4},"end":{"line":40,"column":15}},"19":{"start":{"line":44,"column":2},"end":{"line":44,"column":43}},"20":{"start":{"line":44,"column":20},"end":{"line":44,"column":43}},"21":{"start":{"line":46,"column":62},"end":{"line":46,"column":79}},"22":{"start":{"line":47,"column":19},"end":{"line":47,"column":44}},"23":{"start":{"line":48,"column":25},"end":{"line":48,"column":38}},"24":{"start":{"line":51,"column":2},"end":{"line":72,"column":4}},"25":{"start":{"line":64,"column":49},"end":{"line":64,"column":71}}},"fnMap":{"0":{"name":"(anonymous_0)","decl":{"start":{"line":9,"column":19},"end":{"line":9,"column":20}},"loc":{"start":{"line":9,"column":25},"end":{"line":73,"column":1}},"line":9},"1":{"name":"(anonymous_1)","decl":{"start":{"line":14,"column":20},"end":{"line":14,"column":21}},"loc":{"start":{"line":14,"column":32},"end":{"line":24,"column":3}},"line":14},"2":{"name":"(anonymous_2)","decl":{"start":{"line":26,"column":20},"end":{"line":26,"column":21}},"loc":{"start":{"line":26,"column":32},"end":{"line":36,"column":3}},"line":26},"3":{"name":"(anonymous_3)","decl":{"start":{"line":38,"column":12},"end":{"line":38,"column":13}},"loc":{"start":{"line":38,"column":18},"end":{"line":41,"column":3}},"line":38},"4":{"name":"(anonymous_4)","decl":{"start":{"line":64,"column":35},"end":{"line":64,"column":36}},"loc":{"start":{"line":64,"column":49},"end":{"line":64,"column":71}},"line":64}},"branchMap":{"0":{"loc":{"start":{"line":44,"column":2},"end":{"line":44,"column":43}},"type":"if","locations":[{"start":{"line":44,"column":2},"end":{"line":44,"column":43}},{"start":{},"end":{}}],"line":44},"1":{"loc":{"start":{"line":46,"column":62},"end":{"line":46,"column":79}},"type":"binary-expr","locations":[{"start":{"line":46,"column":62},"end":{"line":46,"column":73}},{"start":{"line":46,"column":77},"end":{"line":46,"column":79}}],"line":46},"2":{"loc":{"start":{"line":47,"column":19},"end":{"line":47,"column":44}},"type":"binary-expr","locations":[{"start":{"line":47,"column":19},"end":{"line":47,"column":34}},{"start":{"line":47,"column":38},"end":{"line":47,"column":44}}],"line":47},"3":{"loc":{"start":{"line":54,"column":18},"end":{"line":54,"column":63}},"type":"cond-expr","locations":[{"start":{"line":54,"column":40},"end":{"line":54,"column":48}},{"start":{"line":54,"column":51},"end":{"line":54,"column":63}}],"line":54},"4":{"loc":{"start":{"line":57,"column":9},"end":{"line":60,"column":22}},"type":"cond-expr","locations":[{"start":{"line":58,"column":20},"end":{"line":58,"column":54}},{"start":{"line":60,"column":20},"end":{"line":60,"column":22}}],"line":57},"5":{"loc":{"start":{"line":62,"column":42},"end":{"line":62,"column":88}},"type":"cond-expr","locations":[{"start":{"line":62,"column":52},"end":{"line":62,"column":83}},{"start":{"line":62,"column":86},"end":{"line":62,"column":88}}],"line":62}},"s":{"0":1,"1":16,"2":16,"3":16,"4":16,"5":9,"6":9,"7":7,"8":7,"9":1,"10":16,"11":9,"12":9,"13":7,"14":7,"15":1,"16":16,"17":9,"18":9,"19":16,"20":9,"21":7,"22":7,"23":7,"24":7,"25":2},"f":{"0":16,"1":9,"2":9,"3":9,"4":2},"b":{"0":[9,7],"1":[7,0],"2":[7,6],"3":[1,6],"4":[6,1],"5":[7,0]},"_coverageSchema":"1a1c01bbd47fc00a2c39e90264f33305004495a9","hash":"5668dae88574547aa9f1e32436120010e085dd56"}
}
