TN:
SF:src/components/DisplayProfiles.jsx
FN:8,(anonymous_0)
FN:12,(anonymous_1)
FN:27,(anonymous_2)
FNF:3
FNH:3
FNDA:18,(anonymous_0)
FNDA:31,(anonymous_1)
FNDA:51,(anonymous_2)
DA:8,2
DA:9,18
DA:13,31
DA:14,31
DA:16,31
DA:18,31
DA:28,51
LF:7
LH:7
BRDA:14,0,0,31
BRDA:14,0,1,11
BRDA:22,1,0,20
BRDA:22,1,1,11
BRDA:26,2,0,31
BRDA:26,2,1,0
BRDA:30,3,0,20
BRDA:30,3,1,31
BRF:8
BRH:7
end_of_record
TN:
SF:src/components/Home.jsx
FN:9,(anonymous_0)
FNF:1
FNH:1
FNDA:7,(anonymous_0)
DA:9,1
DA:16,7
LF:2
LH:2
BRDA:39,0,0,6
BRDA:39,0,1,1
BRF:2
BRH:2
end_of_record
TN:
SF:src/components/ShowDetail.jsx
FN:9,(anonymous_0)
FN:14,(anonymous_1)
FN:26,(anonymous_2)
FN:38,(anonymous_3)
FN:64,(anonymous_4)
FNF:5
FNH:5
FNDA:20,(anonymous_0)
FNDA:11,(anonymous_1)
FNDA:11,(anonymous_2)
FNDA:11,(anonymous_3)
FNDA:2,(anonymous_4)
DA:9,2
DA:10,20
DA:11,20
DA:12,20
DA:14,20
DA:15,11
DA:16,11
DA:19,9
DA:20,9
DA:22,1
DA:26,20
DA:27,11
DA:28,11
DA:31,9
DA:32,9
DA:34,1
DA:38,20
DA:39,11
DA:40,11
DA:44,20
DA:46,9
DA:47,9
DA:48,9
DA:51,9
DA:64,2
LF:25
LH:25
BRDA:44,0,0,11
BRDA:44,0,1,9
BRDA:46,1,0,9
BRDA:46,1,1,0
BRDA:47,2,0,9
BRDA:47,2,1,8
BRDA:54,3,0,1
BRDA:54,3,1,8
BRDA:57,4,0,8
BRDA:57,4,1,1
BRDA:62,5,0,9
BRDA:62,5,1,0
BRF:12
BRH:10
end_of_record
