TN:
SF:src/components/ShowDetail.jsx
FN:9,(anonymous_0)
FN:14,(anonymous_1)
FN:26,(anonymous_2)
FN:38,(anonymous_3)
FN:64,(anonymous_4)
FNF:5
FNH:5
FNDA:16,(anonymous_0)
FNDA:9,(anonymous_1)
FNDA:9,(anonymous_2)
FNDA:9,(anonymous_3)
FNDA:2,(anonymous_4)
DA:9,1
DA:10,16
DA:11,16
DA:12,16
DA:14,16
DA:15,9
DA:16,9
DA:19,7
DA:20,7
DA:22,1
DA:26,16
DA:27,9
DA:28,9
DA:31,7
DA:32,7
DA:34,1
DA:38,16
DA:39,9
DA:40,9
DA:44,16
DA:46,7
DA:47,7
DA:48,7
DA:51,7
DA:64,2
LF:25
LH:25
BRDA:44,0,0,9
BRDA:44,0,1,7
BRDA:46,1,0,7
BRDA:46,1,1,0
BRDA:47,2,0,7
BRDA:47,2,1,6
BRDA:54,3,0,1
BRDA:54,3,1,6
BRDA:57,4,0,6
BRDA:57,4,1,1
BRDA:62,5,0,7
BRDA:62,5,1,0
BRF:12
BRH:10
end_of_record
